<?xml version="1.0" encoding="UTF-8"?>
<testsuite xmlns:xsi="http://www.w3.org/2001/XMLSchema-instance" xsi:noNamespaceSchemaLocation="https://maven.apache.org/surefire/maven-surefire-plugin/xsd/surefire-test-report-3.0.xsd" version="3.0" name="com.azure.blob.AzureBlobServicesApplicationTests" time="12.366" tests="1" errors="0" skipped="0" failures="0">
  <properties>
[...]
</properties>
  <testcase name="contextLoads" classname="com.azure.blob.AzureBlobServicesApplicationTests" time="2.919">
    <system-out><![CDATA[07:02:22.770 [main] INFO org.springframework.test.context.support.AnnotationConfigContextLoaderUtils -- Could not detect default configuration classes for test class [com.azure.blob.AzureBlobServicesApplicationTests]: AzureBlobServicesApplicationTests does not declare any static, non-private, non-final, nested classes annotated with @Configuration.
07:02:23.257 [main] INFO org.springframework.boot.test.context.SpringBootTestContextBootstrapper -- Found @SpringBootConfiguration com.azure.blob.AzureBlobServicesApplication for test class com.azure.blob.AzureBlobServicesApplicationTests

  .   ____          _            __ _ _
 /\\ / ___'_ __ _ _(_)_ __  __ _ \ \ \ \
( ( )\___ | '_ | '_| | '_ \/ _` | \ \ \ \
 \\/  ___)| |_)| | | | | || (_| |  ) ) ) )
  '  |____| .__|_| |_|_| |_\__, | / / / /
 =========|_|==============|___/=/_/_/_/
 :: Spring Boot ::                (v3.1.2)

2023-08-21T07:02:26.515+05:30  INFO 12872 --- [           main] c.a.b.AzureBlobServicesApplicationTests  : Starting AzureBlobServicesApplicationTests using Java 17.0.6 with PID 12872 (started by Admin in E:\GoPractise\Azure Blob Services\Azure-Blob-Services)
2023-08-21T07:02:26.542+05:30  INFO 12872 --- [           main] c.a.b.AzureBlobServicesApplicationTests  : No active profile set, falling back to 1 default profile: "default"
2023-08-21T07:02:31.329+05:30  INFO 12872 --- [           main] c.a.b.AzureBlobServicesApplicationTests  : Started AzureBlobServicesApplicationTests in 5.989 seconds (process running for 11.057)
]]></system-out>
  </testcase>
</testsuite>